Arguments: 
  /home/nabin/.nvm/versions/node/v12.18.0/bin/node /home/nabin/.yarn/bin/yarn.js

PATH: 
  /home/nabin/.rvm/gems/ruby-2.6.3/bin:/home/nabin/.rvm/gems/ruby-2.6.3@global/bin:/home/nabin/.rvm/rubies/ruby-2.6.3/bin:/home/nabin/.local/bin:/home/nabin/.yarn/bin:/home/nabin/.config/yarn/global/node_modules/.bin:/home/nabin/.nvm/versions/node/v12.18.0/bin:/usr/local/sbin:/usr/local/bin:/usr/sbin:/usr/bin:/sbin:/bin:/usr/games:/usr/local/games:/mnt/c/Program Files (x86)/Microsoft SDKs/Azure/CLI2/wbin:/mnt/c/Program Files (x86)/Common Files/Oracle/Java/javapath:/mnt/c/WINDOWS/system32:/mnt/c/WINDOWS:/mnt/c/WINDOWS/System32/Wbem:/mnt/c/WINDOWS/System32/WindowsPowerShell/v1.0/:/mnt/c/WINDOWS/System32/OpenSSH/:/mnt/c/Program Files (x86)/Sennheiser/SoftphoneSDK/:/mnt/c/Program Files/dotnet/:/mnt/c/ProgramData/chocolatey/bin:/mnt/c/Program Files/Amazon/AWSCLI/:/mnt/c/Program Files/Microsoft SQL Server/Client SDK/ODBC/130/Tools/Binn/:/mnt/c/Program Files (x86)/Microsoft SQL Server/140/Tools/Binn/:/mnt/c/Program Files/Microsoft SQL Server/140/Tools/Binn/:/mnt/c/Program Files/Microsoft SQL Server/140/DTS/Binn/:/mnt/c/Program Files (x86)/Microsoft SQL Server/Client SDK/ODBC/130/Tools/Binn/:/mnt/c/Program Files (x86)/Microsoft SQL Server/140/DTS/Binn/:/mnt/c/Program Files (x86)/Microsoft SQL Server/140/Tools/Binn/ManagementStudio/:/mnt/c/ProgramData/chocolatey/lib/dotnet.script/dotnet.script:/mnt/c/Program Files/Microsoft SQL Server/130/Tools/Binn/:/mnt/c/Program Files/nodejs/:/mnt/c/Program Files (x86)/Yarn/bin/:/mnt/c/Program Files (x86)/dotnet/:/mnt/c/Program Files/Microsoft SQL Server/Client SDK/ODBC/170/Tools/Binn/:/mnt/c/Go/bin:/mnt/c/Program Files/PuTTY/:/mnt/c/Program Files/Docker/Docker/resources/bin:/mnt/c/ProgramData/DockerDesktop/version-bin:/mnt/c/Program Files/Git/cmd:/mnt/c/HashiCorp/Vagrant/bin:/mnt/c/Program Files/PowerShell/7/:/mnt/c/Users/nabin.thapa/AppData/Local/Programs/Python/Python37-32/Scripts/:/mnt/c/Users/nabin.thapa/AppData/Local/Programs/Python/Python37-32/:/mnt/c/Users/nabin.thapa/AppData/Local/Microsoft/WindowsApps:/mnt/c/Program Files/Microsoft VS Code/bin:/mnt/c/Nuget:/mnt/c/Users/nabin.thapa/.dotnet/tools:/mnt/c/tools/mysql/current/bin:/mnt/c/Users/nabin.thapa/AppData/Local/hyper/app-2.0.0/resources/bin:/mnt/c/Users/nabin.thapa/AppData/Local/Programs/Microsoft VS Code/bin:/mnt/c/Users/nabin.thapa/AppData/Roaming/npm:/mnt/c/Users/nabin.thapa/AppData/Local/Yarn/bin:/mnt/c/Program Files (x86)/Rico Suter/NSwagStudio/:/mnt/c/Users/nabin.thapa/AppData/Local/Programs/Fiddler:/mnt/c/Users/nabin.thapa/AppData/Local/Microsoft/WindowsApps:/mnt/c/Users/nabin.thapa/go/bin:/mnt/c/Program Files (x86)/GitHub CLI/:/snap/bin:/home/nabin/.dotnet/tools:/home/nabin/.rvm/bin:/home/nabin/.rvm/bin

Yarn version: 
  1.22.4

Node version: 
  12.18.0

Platform: 
  linux x64

Trace: 
  SyntaxError: /home/nabin/repos/static-website-generator/package.json: Unexpected string in JSON at position 278
      at JSON.parse (<anonymous>)
      at /home/nabin/.yarn/lib/cli.js:1625:59
      at Generator.next (<anonymous>)
      at step (/home/nabin/.yarn/lib/cli.js:310:30)
      at /home/nabin/.yarn/lib/cli.js:321:13

npm manifest: 
  {
    "name": "static-website-generate",
    "version": "1.0.3",
    "description": "Static website builer",
    "main": "lib/index.js",
    "types": "lib/index.d.ts",
    "scripts": {
      "test": "echo \"Error: no test specified\" && exit 1",
      "build": "tsc",
      "clean": "rm -rm"
      "prepublish": "yarn run build",
      "lint": "tslint --fix"
    },
    "author": "Nabin Karki Thapa and Nabin Karki",
    "license": "ISC",
    "dependencies": {
      "deepmerge": "^4.2.2",
      "fs-extra": "^8.1.0",
      "gray-matter": "^4.0.2",
      "handlebars": "^4.7.6",
      "jimp": "^0.9.3",
      "klaw-sync": "^6.0.0",
      "node-sass": "^4.14.1",
      "nodemon": "^2.0.2"
    },
    "devDependencies": {
      "@types/fs-extra": "^9.0.1",
      "@types/klaw-sync": "^6.0.0",
      "@types/node": "^14.0.23",
      "@types/node-sass": "^4.11.1",
      "tslint": "^6.1.2",
      "typescript": "^3.9.6",
      "rimraf": "3.0.2"
    },
    "nodemonConfig": {
      "ext": "html,js,scss,json",
      "delay": 500,
      "watch": "../",
      "ignore": [
        "../_dist/"
      ]
    },
    "bin": {
      "scg": "./bin/cli"
    }
  }

yarn manifest: 
  No manifest

Lockfile: 
  No lockfile
